WARNING: A terminally deprecated method in sun.misc.Unsafe has been called
WARNING: sun.misc.Unsafe::objectFieldOffset has been called by lombok.permit.Permit
WARNING: Please consider reporting this to the maintainers of class lombok.permit.Permit
WARNING: sun.misc.Unsafe::objectFieldOffset will be removed in a future release
Standard Commons Logging discovery in action with spring-jcl: please remove commons-logging.jar from classpath in order to avoid potential conflicts

  .   ____          _            __ _ _
 /\\ / ___'_ __ _ _(_)_ __  __ _ \ \ \ \
( ( )\___ | '_ | '_| | '_ \/ _` | \ \ \ \
 \\/  ___)| |_)| | | | | || (_| |  ) ) ) )
  '  |____| .__|_| |_|_| |_\__, | / / / /
 =========|_|==============|___/=/_/_/_/

 :: Spring Boot ::                (v3.3.5)

2026-04-21T07:45:20.039+05:30  INFO 75837 --- [document-approval-workflow] [           main] c.c.a.DocumentApprovalApplication        : Starting DocumentApprovalApplication using Java 25.0.2 with PID 75837 (/Users/shashanksaxena/Documents/Personal/Code/micro-saas-applications-java/apps/05-document-approval-workflow/target/classes started by shashanksaxena in /Users/shashanksaxena/Documents/Personal/Code/micro-saas-applications-java/apps/05-document-approval-workflow)
2026-04-21T07:45:20.044+05:30  INFO 75837 --- [document-approval-workflow] [           main] c.c.a.DocumentApprovalApplication        : No active profile set, falling back to 1 default profile: "default"
2026-04-21T07:45:20.369+05:30  INFO 75837 --- [document-approval-workflow] [           main] .s.d.r.c.RepositoryConfigurationDelegate : Bootstrapping Spring Data JPA repositories in DEFAULT mode.
2026-04-21T07:45:20.400+05:30  INFO 75837 --- [document-approval-workflow] [           main] .s.d.r.c.RepositoryConfigurationDelegate : Finished Spring Data repository scanning in 27 ms. Found 8 JPA repository interfaces.
WARNING: A restricted method in java.lang.System has been called
WARNING: java.lang.System::load has been called by org.apache.tomcat.jni.Library in an unnamed module (file:/Users/shashanksaxena/.m2/repository/org/apache/tomcat/embed/tomcat-embed-core/10.1.31/tomcat-embed-core-10.1.31.jar)
WARNING: Use --enable-native-access=ALL-UNNAMED to avoid a warning for callers in this module
WARNING: Restricted methods will be blocked in a future release unless native access is enabled

2026-04-21T07:45:20.884+05:30  INFO 75837 --- [document-approval-workflow] [           main] o.s.b.w.embedded.tomcat.TomcatWebServer  : Tomcat initialized with port 8085 (http)
2026-04-21T07:45:20.891+05:30  INFO 75837 --- [document-approval-workflow] [           main] o.apache.catalina.core.StandardService   : Starting service [Tomcat]
2026-04-21T07:45:20.891+05:30  INFO 75837 --- [document-approval-workflow] [           main] o.apache.catalina.core.StandardEngine    : Starting Servlet engine: [Apache Tomcat/10.1.31]
2026-04-21T07:45:20.922+05:30  INFO 75837 --- [document-approval-workflow] [           main] o.a.c.c.C.[Tomcat].[localhost].[/]       : Initializing Spring embedded WebApplicationContext
2026-04-21T07:45:20.922+05:30  INFO 75837 --- [document-approval-workflow] [           main] w.s.c.ServletWebServerApplicationContext : Root WebApplicationContext: initialization completed in 832 ms
Standard Commons Logging discovery in action with spring-jcl: please remove commons-logging.jar from classpath in order to avoid potential conflicts
2026-04-21T07:45:21.079+05:30  INFO 75837 --- [document-approval-workflow] [           main] com.zaxxer.hikari.HikariDataSource       : HikariPool-1 - Starting...
2026-04-21T07:45:21.197+05:30  INFO 75837 --- [document-approval-workflow] [           main] com.zaxxer.hikari.pool.HikariPool        : HikariPool-1 - Added connection org.postgresql.jdbc.PgConnection@3711c71c
2026-04-21T07:45:21.198+05:30  INFO 75837 --- [document-approval-workflow] [           main] com.zaxxer.hikari.HikariDataSource       : HikariPool-1 - Start completed.
2026-04-21T07:45:21.216+05:30  INFO 75837 --- [document-approval-workflow] [           main] org.flywaydb.core.FlywayExecutor         : Database: jdbc:postgresql://localhost:5433/changelog (PostgreSQL 16.13)
2026-04-21T07:45:21.237+05:30  INFO 75837 --- [document-approval-workflow] [           main] o.f.c.i.s.JdbcTableSchemaHistory         : Schema history table "public"."flyway_schema_history_05" does not exist yet
2026-04-21T07:45:21.239+05:30  INFO 75837 --- [document-approval-workflow] [           main] o.f.core.internal.command.DbValidate     : Successfully validated 1 migration (execution time 00:00.009s)
2026-04-21T07:45:21.251+05:30  INFO 75837 --- [document-approval-workflow] [           main] o.f.c.i.s.JdbcTableSchemaHistory         : Creating Schema History table "public"."flyway_schema_history_05" with baseline ...
2026-04-21T07:45:21.281+05:30  INFO 75837 --- [document-approval-workflow] [           main] o.f.core.internal.command.DbBaseline     : Successfully baselined schema with version: 0
2026-04-21T07:45:21.313+05:30  INFO 75837 --- [document-approval-workflow] [           main] o.f.core.internal.command.DbMigrate      : Current version of schema "public": 0
2026-04-21T07:45:21.320+05:30  INFO 75837 --- [document-approval-workflow] [           main] o.f.core.internal.command.DbMigrate      : Migrating schema "public" to version "1 - approvals"
2026-04-21T07:45:21.407+05:30  INFO 75837 --- [document-approval-workflow] [           main] o.f.core.internal.command.DbMigrate      : Successfully applied 1 migration to schema "public", now at version v1 (execution time 00:00.074s)
2026-04-21T07:45:21.456+05:30  INFO 75837 --- [document-approval-workflow] [           main] o.hibernate.jpa.internal.util.LogHelper  : HHH000204: Processing PersistenceUnitInfo [name: default]
2026-04-21T07:45:21.480+05:30  INFO 75837 --- [document-approval-workflow] [           main] org.hibernate.Version                    : HHH000412: Hibernate ORM core version 6.5.3.Final
2026-04-21T07:45:21.496+05:30  INFO 75837 --- [document-approval-workflow] [           main] o.h.c.internal.RegionFactoryInitiator    : HHH000026: Second-level cache disabled
2026-04-21T07:45:21.644+05:30  INFO 75837 --- [document-approval-workflow] [           main] o.s.o.j.p.SpringPersistenceUnitInfo      : No LoadTimeWeaver setup: ignoring JPA class transformer
2026-04-21T07:45:21.669+05:30  WARN 75837 --- [document-approval-workflow] [           main] org.hibernate.orm.deprecation            : HHH90000025: PostgreSQLDialect does not need to be specified explicitly using 'hibernate.dialect' (remove the property setting and it will be selected by default)
2026-04-21T07:45:22.241+05:30  INFO 75837 --- [document-approval-workflow] [           main] o.h.e.t.j.p.i.JtaPlatformInitiator       : HHH000489: No JTA platform available (set 'hibernate.transaction.jta.platform' to enable JTA platform integration)
2026-04-21T07:45:22.283+05:30  INFO 75837 --- [document-approval-workflow] [           main] j.LocalContainerEntityManagerFactoryBean : Initialized JPA EntityManagerFactory for persistence unit 'default'
2026-04-21T07:45:22.593+05:30  WARN 75837 --- [document-approval-workflow] [           main] JpaBaseConfiguration$JpaWebConfiguration : spring.jpa.open-in-view is enabled by default. Therefore, database queries may be performed during view rendering. Explicitly configure spring.jpa.open-in-view to disable this warning
2026-04-21T07:45:22.763+05:30  INFO 75837 --- [document-approval-workflow] [           main] o.s.d.j.r.query.QueryEnhancerFactory     : Hibernate is in classpath; If applicable, HQL parser will be used.
2026-04-21T07:45:23.005+05:30  INFO 75837 --- [document-approval-workflow] [           main] o.s.b.w.embedded.tomcat.TomcatWebServer  : Tomcat started on port 8085 (http) with context path '/'
2026-04-21T07:45:23.009+05:30  INFO 75837 --- [document-approval-workflow] [           main] c.c.a.DocumentApprovalApplication        : Started DocumentApprovalApplication in 3.3 seconds (process running for 3.661)
2026-04-21T07:51:50.872+05:30  INFO 75837 --- [document-approval-workflow] [nio-8085-exec-1] o.a.c.c.C.[Tomcat].[localhost].[/]       : Initializing Spring DispatcherServlet 'dispatcherServlet'
2026-04-21T07:51:50.873+05:30  INFO 75837 --- [document-approval-workflow] [nio-8085-exec-1] o.s.web.servlet.DispatcherServlet        : Initializing Servlet 'dispatcherServlet'
2026-04-21T07:51:50.875+05:30  INFO 75837 --- [document-approval-workflow] [nio-8085-exec-1] o.s.web.servlet.DispatcherServlet        : Completed initialization in 2 ms
