WARNING: A terminally deprecated method in sun.misc.Unsafe has been called
WARNING: sun.misc.Unsafe::objectFieldOffset has been called by lombok.permit.Permit
WARNING: Please consider reporting this to the maintainers of class lombok.permit.Permit
WARNING: sun.misc.Unsafe::objectFieldOffset will be removed in a future release

  .   ____          _            __ _ _
 /\\ / ___'_ __ _ _(_)_ __  __ _ \ \ \ \
( ( )\___ | '_ | '_| | '_ \/ _` | \ \ \ \
 \\/  ___)| |_)| | | | | || (_| |  ) ) ) )
  '  |____| .__|_| |_|_| |_\__, | / / / /
 =========|_|==============|___/=/_/_/_/

 :: Spring Boot ::                (v3.3.5)

2026-04-21T07:45:20.033+05:30  INFO 75838 --- [client-portal-builder] [           main] c.c.ClientPortalBuilderApplication       : Starting ClientPortalBuilderApplication using Java 25.0.2 with PID 75838 (/Users/shashanksaxena/Documents/Personal/Code/micro-saas-applications-java/apps/01-client-portal-builder/target/classes started by shashanksaxena in /Users/shashanksaxena/Documents/Personal/Code/micro-saas-applications-java/apps/01-client-portal-builder)
2026-04-21T07:45:20.034+05:30  INFO 75838 --- [client-portal-builder] [           main] c.c.ClientPortalBuilderApplication       : No active profile set, falling back to 1 default profile: "default"
2026-04-21T07:45:20.506+05:30  INFO 75838 --- [client-portal-builder] [           main] .s.d.r.c.RepositoryConfigurationDelegate : Bootstrapping Spring Data JPA repositories in DEFAULT mode.
2026-04-21T07:45:20.555+05:30  INFO 75838 --- [client-portal-builder] [           main] .s.d.r.c.RepositoryConfigurationDelegate : Finished Spring Data repository scanning in 45 ms. Found 19 JPA repository interfaces.
WARNING: A restricted method in java.lang.System has been called
WARNING: java.lang.System::load has been called by org.apache.tomcat.jni.Library in an unnamed module (file:/Users/shashanksaxena/.m2/repository/org/apache/tomcat/embed/tomcat-embed-core/10.1.31/tomcat-embed-core-10.1.31.jar)
WARNING: Use --enable-native-access=ALL-UNNAMED to avoid a warning for callers in this module
WARNING: Restricted methods will be blocked in a future release unless native access is enabled

2026-04-21T07:45:20.918+05:30  INFO 75838 --- [client-portal-builder] [           main] o.s.b.w.embedded.tomcat.TomcatWebServer  : Tomcat initialized with port 8081 (http)
2026-04-21T07:45:20.925+05:30  INFO 75838 --- [client-portal-builder] [           main] o.apache.catalina.core.StandardService   : Starting service [Tomcat]
2026-04-21T07:45:20.925+05:30  INFO 75838 --- [client-portal-builder] [           main] o.apache.catalina.core.StandardEngine    : Starting Servlet engine: [Apache Tomcat/10.1.31]
2026-04-21T07:45:20.972+05:30  INFO 75838 --- [client-portal-builder] [           main] o.a.c.c.C.[Tomcat].[localhost].[/]       : Initializing Spring embedded WebApplicationContext
2026-04-21T07:45:20.972+05:30  INFO 75838 --- [client-portal-builder] [           main] w.s.c.ServletWebServerApplicationContext : Root WebApplicationContext: initialization completed in 896 ms
2026-04-21T07:45:21.118+05:30  INFO 75838 --- [client-portal-builder] [           main] com.zaxxer.hikari.HikariDataSource       : HikariPool-1 - Starting...
2026-04-21T07:45:21.229+05:30  INFO 75838 --- [client-portal-builder] [           main] com.zaxxer.hikari.pool.HikariPool        : HikariPool-1 - Added connection org.postgresql.jdbc.PgConnection@71d55b7e
2026-04-21T07:45:21.230+05:30  INFO 75838 --- [client-portal-builder] [           main] com.zaxxer.hikari.HikariDataSource       : HikariPool-1 - Start completed.
2026-04-21T07:45:21.246+05:30  INFO 75838 --- [client-portal-builder] [           main] org.flywaydb.core.FlywayExecutor         : Database: jdbc:postgresql://localhost:5433/changelog (PostgreSQL 16.13)
2026-04-21T07:45:21.274+05:30  INFO 75838 --- [client-portal-builder] [           main] o.f.c.i.s.JdbcTableSchemaHistory         : Schema history table "public"."flyway_schema_history_01" does not exist yet
2026-04-21T07:45:21.276+05:30  INFO 75838 --- [client-portal-builder] [           main] o.f.core.internal.command.DbValidate     : Successfully validated 1 migration (execution time 00:00.018s)
2026-04-21T07:45:21.290+05:30  INFO 75838 --- [client-portal-builder] [           main] o.f.c.i.s.JdbcTableSchemaHistory         : Creating Schema History table "public"."flyway_schema_history_01" with baseline ...
2026-04-21T07:45:21.322+05:30  INFO 75838 --- [client-portal-builder] [           main] o.f.core.internal.command.DbBaseline     : Successfully baselined schema with version: 0
2026-04-21T07:45:21.363+05:30  INFO 75838 --- [client-portal-builder] [           main] o.f.core.internal.command.DbMigrate      : Current version of schema "public": 0
2026-04-21T07:45:21.371+05:30  INFO 75838 --- [client-portal-builder] [           main] o.f.core.internal.command.DbMigrate      : Migrating schema "public" to version "1 - portals"
2026-04-21T07:45:21.444+05:30  INFO 75838 --- [client-portal-builder] [           main] o.f.core.internal.command.DbMigrate      : Successfully applied 1 migration to schema "public", now at version v1 (execution time 00:00.062s)
2026-04-21T07:45:21.492+05:30  INFO 75838 --- [client-portal-builder] [           main] o.hibernate.jpa.internal.util.LogHelper  : HHH000204: Processing PersistenceUnitInfo [name: default]
2026-04-21T07:45:21.515+05:30  INFO 75838 --- [client-portal-builder] [           main] org.hibernate.Version                    : HHH000412: Hibernate ORM core version 6.5.3.Final
2026-04-21T07:45:21.531+05:30  INFO 75838 --- [client-portal-builder] [           main] o.h.c.internal.RegionFactoryInitiator    : HHH000026: Second-level cache disabled
2026-04-21T07:45:21.687+05:30  INFO 75838 --- [client-portal-builder] [           main] o.s.o.j.p.SpringPersistenceUnitInfo      : No LoadTimeWeaver setup: ignoring JPA class transformer
2026-04-21T07:45:21.710+05:30  WARN 75838 --- [client-portal-builder] [           main] org.hibernate.orm.deprecation            : HHH90000025: PostgreSQLDialect does not need to be specified explicitly using 'hibernate.dialect' (remove the property setting and it will be selected by default)
2026-04-21T07:45:22.361+05:30  INFO 75838 --- [client-portal-builder] [           main] o.h.e.t.j.p.i.JtaPlatformInitiator       : HHH000489: No JTA platform available (set 'hibernate.transaction.jta.platform' to enable JTA platform integration)
2026-04-21T07:45:22.396+05:30  INFO 75838 --- [client-portal-builder] [           main] j.LocalContainerEntityManagerFactoryBean : Initialized JPA EntityManagerFactory for persistence unit 'default'
2026-04-21T07:45:22.581+05:30  INFO 75838 --- [client-portal-builder] [           main] o.s.d.j.r.query.QueryEnhancerFactory     : Hibernate is in classpath; If applicable, HQL parser will be used.
2026-04-21T07:45:23.105+05:30  WARN 75838 --- [client-portal-builder] [           main] JpaBaseConfiguration$JpaWebConfiguration : spring.jpa.open-in-view is enabled by default. Therefore, database queries may be performed during view rendering. Explicitly configure spring.jpa.open-in-view to disable this warning
2026-04-21T07:45:23.398+05:30  INFO 75838 --- [client-portal-builder] [           main] o.s.b.w.embedded.tomcat.TomcatWebServer  : Tomcat started on port 8081 (http) with context path '/'
2026-04-21T07:45:23.403+05:30  INFO 75838 --- [client-portal-builder] [           main] c.c.ClientPortalBuilderApplication       : Started ClientPortalBuilderApplication in 3.708 seconds (process running for 4.066)
2026-04-21T07:51:45.127+05:30  INFO 75838 --- [client-portal-builder] [nio-8081-exec-1] o.a.c.c.C.[Tomcat].[localhost].[/]       : Initializing Spring DispatcherServlet 'dispatcherServlet'
2026-04-21T07:51:45.128+05:30  INFO 75838 --- [client-portal-builder] [nio-8081-exec-1] o.s.web.servlet.DispatcherServlet        : Initializing Servlet 'dispatcherServlet'
2026-04-21T07:51:45.131+05:30  INFO 75838 --- [client-portal-builder] [nio-8081-exec-1] o.s.web.servlet.DispatcherServlet        : Completed initialization in 3 ms
