
  .   ____          _            __ _ _
 /\\ / ___'_ __ _ _(_)_ __  __ _ \ \ \ \
( ( )\___ | '_ | '_| | '_ \/ _` | \ \ \ \
 \\/  ___)| |_)| | | | | || (_| |  ) ) ) )
  '  |____| .__|_| |_|_| |_\__, | / / / /
 =========|_|==============|___/=/_/_/_/

 :: Spring Boot ::                (v3.3.5)

2026-04-21T07:55:10.854+05:30  INFO 94753 --- [api-key-management-portal] [           main] c.c.apikey.ApiKeyManagementApplication   : Starting ApiKeyManagementApplication using Java 25.0.2 with PID 94753 (/Users/shashanksaxena/Documents/Personal/Code/micro-saas-applications-java/apps/08-api-key-management-portal/target/classes started by shashanksaxena in /Users/shashanksaxena/Documents/Personal/Code/micro-saas-applications-java/apps/08-api-key-management-portal)
2026-04-21T07:55:10.855+05:30  INFO 94753 --- [api-key-management-portal] [           main] c.c.apikey.ApiKeyManagementApplication   : No active profile set, falling back to 1 default profile: "default"
2026-04-21T07:55:11.105+05:30  INFO 94753 --- [api-key-management-portal] [           main] .s.d.r.c.RepositoryConfigurationDelegate : Bootstrapping Spring Data JPA repositories in DEFAULT mode.
2026-04-21T07:55:11.147+05:30  INFO 94753 --- [api-key-management-portal] [           main] .s.d.r.c.RepositoryConfigurationDelegate : Finished Spring Data repository scanning in 37 ms. Found 19 JPA repository interfaces.
WARNING: A restricted method in java.lang.System has been called
WARNING: java.lang.System::load has been called by org.apache.tomcat.jni.Library in an unnamed module (file:/Users/shashanksaxena/.m2/repository/org/apache/tomcat/embed/tomcat-embed-core/10.1.31/tomcat-embed-core-10.1.31.jar)
WARNING: Use --enable-native-access=ALL-UNNAMED to avoid a warning for callers in this module
WARNING: Restricted methods will be blocked in a future release unless native access is enabled

2026-04-21T07:55:11.551+05:30  INFO 94753 --- [api-key-management-portal] [           main] o.s.b.w.embedded.tomcat.TomcatWebServer  : Tomcat initialized with port 8088 (http)
2026-04-21T07:55:11.559+05:30  INFO 94753 --- [api-key-management-portal] [           main] o.apache.catalina.core.StandardService   : Starting service [Tomcat]
2026-04-21T07:55:11.559+05:30  INFO 94753 --- [api-key-management-portal] [           main] o.apache.catalina.core.StandardEngine    : Starting Servlet engine: [Apache Tomcat/10.1.31]
2026-04-21T07:55:11.587+05:30  INFO 94753 --- [api-key-management-portal] [           main] o.a.c.c.C.[Tomcat].[localhost].[/]       : Initializing Spring embedded WebApplicationContext
2026-04-21T07:55:11.587+05:30  INFO 94753 --- [api-key-management-portal] [           main] w.s.c.ServletWebServerApplicationContext : Root WebApplicationContext: initialization completed in 703 ms
2026-04-21T07:55:11.716+05:30  INFO 94753 --- [api-key-management-portal] [           main] com.zaxxer.hikari.HikariDataSource       : HikariPool-1 - Starting...
2026-04-21T07:55:11.802+05:30  INFO 94753 --- [api-key-management-portal] [           main] com.zaxxer.hikari.pool.HikariPool        : HikariPool-1 - Added connection org.postgresql.jdbc.PgConnection@28b523a
2026-04-21T07:55:11.803+05:30  INFO 94753 --- [api-key-management-portal] [           main] com.zaxxer.hikari.HikariDataSource       : HikariPool-1 - Start completed.
2026-04-21T07:55:11.819+05:30  INFO 94753 --- [api-key-management-portal] [           main] org.flywaydb.core.FlywayExecutor         : Database: jdbc:postgresql://localhost:5433/changelog (PostgreSQL 16.13)
2026-04-21T07:55:11.850+05:30  INFO 94753 --- [api-key-management-portal] [           main] o.f.c.i.s.JdbcTableSchemaHistory         : Schema history table "public"."flyway_schema_history_08" does not exist yet
2026-04-21T07:55:11.851+05:30  INFO 94753 --- [api-key-management-portal] [           main] o.f.core.internal.command.DbValidate     : Successfully validated 1 migration (execution time 00:00.010s)
2026-04-21T07:55:11.863+05:30  INFO 94753 --- [api-key-management-portal] [           main] o.f.c.i.s.JdbcTableSchemaHistory         : Creating Schema History table "public"."flyway_schema_history_08" with baseline ...
2026-04-21T07:55:11.883+05:30  INFO 94753 --- [api-key-management-portal] [           main] o.f.core.internal.command.DbBaseline     : Successfully baselined schema with version: 0
2026-04-21T07:55:11.908+05:30  INFO 94753 --- [api-key-management-portal] [           main] o.f.core.internal.command.DbMigrate      : Current version of schema "public": 0
2026-04-21T07:55:11.914+05:30  INFO 94753 --- [api-key-management-portal] [           main] o.f.core.internal.command.DbMigrate      : Migrating schema "public" to version "1 - api keys"
2026-04-21T07:55:11.964+05:30  INFO 94753 --- [api-key-management-portal] [           main] o.f.core.internal.command.DbMigrate      : Successfully applied 1 migration to schema "public", now at version v1 (execution time 00:00.041s)
2026-04-21T07:55:12.003+05:30  INFO 94753 --- [api-key-management-portal] [           main] o.hibernate.jpa.internal.util.LogHelper  : HHH000204: Processing PersistenceUnitInfo [name: default]
2026-04-21T07:55:12.026+05:30  INFO 94753 --- [api-key-management-portal] [           main] org.hibernate.Version                    : HHH000412: Hibernate ORM core version 6.5.3.Final
2026-04-21T07:55:12.039+05:30  INFO 94753 --- [api-key-management-portal] [           main] o.h.c.internal.RegionFactoryInitiator    : HHH000026: Second-level cache disabled
2026-04-21T07:55:12.172+05:30  INFO 94753 --- [api-key-management-portal] [           main] o.s.o.j.p.SpringPersistenceUnitInfo      : No LoadTimeWeaver setup: ignoring JPA class transformer
2026-04-21T07:55:12.198+05:30  WARN 94753 --- [api-key-management-portal] [           main] org.hibernate.orm.deprecation            : HHH90000025: PostgreSQLDialect does not need to be specified explicitly using 'hibernate.dialect' (remove the property setting and it will be selected by default)
2026-04-21T07:55:12.861+05:30  INFO 94753 --- [api-key-management-portal] [           main] o.h.e.t.j.p.i.JtaPlatformInitiator       : HHH000489: No JTA platform available (set 'hibernate.transaction.jta.platform' to enable JTA platform integration)
2026-04-21T07:55:12.903+05:30  INFO 94753 --- [api-key-management-portal] [           main] j.LocalContainerEntityManagerFactoryBean : Initialized JPA EntityManagerFactory for persistence unit 'default'
2026-04-21T07:55:13.103+05:30  INFO 94753 --- [api-key-management-portal] [           main] o.s.d.j.r.query.QueryEnhancerFactory     : Hibernate is in classpath; If applicable, HQL parser will be used.
2026-04-21T07:55:13.636+05:30  WARN 94753 --- [api-key-management-portal] [           main] JpaBaseConfiguration$JpaWebConfiguration : spring.jpa.open-in-view is enabled by default. Therefore, database queries may be performed during view rendering. Explicitly configure spring.jpa.open-in-view to disable this warning
2026-04-21T07:55:13.911+05:30  INFO 94753 --- [api-key-management-portal] [           main] o.s.b.w.embedded.tomcat.TomcatWebServer  : Tomcat started on port 8088 (http) with context path '/'
2026-04-21T07:55:13.916+05:30  INFO 94753 --- [api-key-management-portal] [           main] c.c.apikey.ApiKeyManagementApplication   : Started ApiKeyManagementApplication in 3.244 seconds (process running for 3.419)
2026-04-21T07:55:20.162+05:30  INFO 94753 --- [api-key-management-portal] [nio-8088-exec-1] o.a.c.c.C.[Tomcat].[localhost].[/]       : Initializing Spring DispatcherServlet 'dispatcherServlet'
2026-04-21T07:55:20.162+05:30  INFO 94753 --- [api-key-management-portal] [nio-8088-exec-1] o.s.web.servlet.DispatcherServlet        : Initializing Servlet 'dispatcherServlet'
2026-04-21T07:55:20.163+05:30  INFO 94753 --- [api-key-management-portal] [nio-8088-exec-1] o.s.web.servlet.DispatcherServlet        : Completed initialization in 1 ms
