
  .   ____          _            __ _ _
 /\\ / ___'_ __ _ _(_)_ __  __ _ \ \ \ \
( ( )\___ | '_ | '_| | '_ \/ _` | \ \ \ \
 \\/  ___)| |_)| | | | | || (_| |  ) ) ) )
  '  |____| .__|_| |_|_| |_\__, | / / / /
 =========|_|==============|___/=/_/_/_/

 :: Spring Boot ::                (v3.3.5)

2026-04-21T07:54:42.093+05:30  INFO 93856 --- [ai-knowledge-base] [           main] com.changelog.KnowledgeBaseApplication   : Starting KnowledgeBaseApplication using Java 25.0.2 with PID 93856 (/Users/shashanksaxena/Documents/Personal/Code/micro-saas-applications-java/apps/03-ai-knowledge-base/target/classes started by shashanksaxena in /Users/shashanksaxena/Documents/Personal/Code/micro-saas-applications-java/apps/03-ai-knowledge-base)
2026-04-21T07:54:42.094+05:30  INFO 93856 --- [ai-knowledge-base] [           main] com.changelog.KnowledgeBaseApplication   : No active profile set, falling back to 1 default profile: "default"
2026-04-21T07:54:42.383+05:30  INFO 93856 --- [ai-knowledge-base] [           main] .s.d.r.c.RepositoryConfigurationDelegate : Bootstrapping Spring Data JPA repositories in DEFAULT mode.
2026-04-21T07:54:42.427+05:30  INFO 93856 --- [ai-knowledge-base] [           main] .s.d.r.c.RepositoryConfigurationDelegate : Finished Spring Data repository scanning in 38 ms. Found 18 JPA repository interfaces.
WARNING: A restricted method in java.lang.System has been called
WARNING: java.lang.System::load has been called by org.apache.tomcat.jni.Library in an unnamed module (file:/Users/shashanksaxena/.m2/repository/org/apache/tomcat/embed/tomcat-embed-core/10.1.31/tomcat-embed-core-10.1.31.jar)
WARNING: Use --enable-native-access=ALL-UNNAMED to avoid a warning for callers in this module
WARNING: Restricted methods will be blocked in a future release unless native access is enabled

2026-04-21T07:54:42.827+05:30  INFO 93856 --- [ai-knowledge-base] [           main] o.s.b.w.embedded.tomcat.TomcatWebServer  : Tomcat initialized with port 8083 (http)
2026-04-21T07:54:42.834+05:30  INFO 93856 --- [ai-knowledge-base] [           main] o.apache.catalina.core.StandardService   : Starting service [Tomcat]
2026-04-21T07:54:42.835+05:30  INFO 93856 --- [ai-knowledge-base] [           main] o.apache.catalina.core.StandardEngine    : Starting Servlet engine: [Apache Tomcat/10.1.31]
2026-04-21T07:54:42.872+05:30  INFO 93856 --- [ai-knowledge-base] [           main] o.a.c.c.C.[Tomcat].[localhost].[/]       : Initializing Spring embedded WebApplicationContext
2026-04-21T07:54:42.872+05:30  INFO 93856 --- [ai-knowledge-base] [           main] w.s.c.ServletWebServerApplicationContext : Root WebApplicationContext: initialization completed in 742 ms
2026-04-21T07:54:42.996+05:30  INFO 93856 --- [ai-knowledge-base] [           main] com.zaxxer.hikari.HikariDataSource       : HikariPool-1 - Starting...
2026-04-21T07:54:43.098+05:30  INFO 93856 --- [ai-knowledge-base] [           main] com.zaxxer.hikari.pool.HikariPool        : HikariPool-1 - Added connection org.postgresql.jdbc.PgConnection@696fad31
2026-04-21T07:54:43.099+05:30  INFO 93856 --- [ai-knowledge-base] [           main] com.zaxxer.hikari.HikariDataSource       : HikariPool-1 - Start completed.
2026-04-21T07:54:43.129+05:30  INFO 93856 --- [ai-knowledge-base] [           main] org.flywaydb.core.FlywayExecutor         : Database: jdbc:postgresql://localhost:5433/changelog (PostgreSQL 16.13)
2026-04-21T07:54:43.158+05:30  INFO 93856 --- [ai-knowledge-base] [           main] o.f.c.i.s.JdbcTableSchemaHistory         : Schema history table "public"."flyway_schema_history_03" does not exist yet
2026-04-21T07:54:43.160+05:30  INFO 93856 --- [ai-knowledge-base] [           main] o.f.core.internal.command.DbValidate     : Successfully validated 1 migration (execution time 00:00.010s)
2026-04-21T07:54:43.171+05:30  INFO 93856 --- [ai-knowledge-base] [           main] o.f.c.i.s.JdbcTableSchemaHistory         : Creating Schema History table "public"."flyway_schema_history_03" with baseline ...
2026-04-21T07:54:43.199+05:30  INFO 93856 --- [ai-knowledge-base] [           main] o.f.core.internal.command.DbBaseline     : Successfully baselined schema with version: 0
2026-04-21T07:54:43.229+05:30  INFO 93856 --- [ai-knowledge-base] [           main] o.f.core.internal.command.DbMigrate      : Current version of schema "public": 0
2026-04-21T07:54:43.235+05:30  INFO 93856 --- [ai-knowledge-base] [           main] o.f.core.internal.command.DbMigrate      : Migrating schema "public" to version "1 - knowledge base"
2026-04-21T07:54:43.238+05:30  WARN 93856 --- [ai-knowledge-base] [           main] o.f.c.i.s.DefaultSqlScriptExecutor       : DB: extension "vector" already exists, skipping (SQL State: 42710 - Error Code: 0)
2026-04-21T07:54:43.280+05:30  INFO 93856 --- [ai-knowledge-base] [           main] o.f.c.i.s.DefaultSqlScriptExecutor       : DB: ivfflat index created with little data
2026-04-21T07:54:43.304+05:30  INFO 93856 --- [ai-knowledge-base] [           main] o.f.core.internal.command.DbMigrate      : Successfully applied 1 migration to schema "public", now at version v1 (execution time 00:00.057s)
2026-04-21T07:54:43.347+05:30  INFO 93856 --- [ai-knowledge-base] [           main] o.hibernate.jpa.internal.util.LogHelper  : HHH000204: Processing PersistenceUnitInfo [name: default]
2026-04-21T07:54:43.371+05:30  INFO 93856 --- [ai-knowledge-base] [           main] org.hibernate.Version                    : HHH000412: Hibernate ORM core version 6.5.3.Final
2026-04-21T07:54:43.386+05:30  INFO 93856 --- [ai-knowledge-base] [           main] o.h.c.internal.RegionFactoryInitiator    : HHH000026: Second-level cache disabled
2026-04-21T07:54:43.530+05:30  INFO 93856 --- [ai-knowledge-base] [           main] o.s.o.j.p.SpringPersistenceUnitInfo      : No LoadTimeWeaver setup: ignoring JPA class transformer
2026-04-21T07:54:43.555+05:30  WARN 93856 --- [ai-knowledge-base] [           main] org.hibernate.orm.deprecation            : HHH90000025: PostgreSQLDialect does not need to be specified explicitly using 'hibernate.dialect' (remove the property setting and it will be selected by default)
2026-04-21T07:54:44.177+05:30  INFO 93856 --- [ai-knowledge-base] [           main] o.h.e.t.j.p.i.JtaPlatformInitiator       : HHH000489: No JTA platform available (set 'hibernate.transaction.jta.platform' to enable JTA platform integration)
2026-04-21T07:54:44.219+05:30  INFO 93856 --- [ai-knowledge-base] [           main] j.LocalContainerEntityManagerFactoryBean : Initialized JPA EntityManagerFactory for persistence unit 'default'
2026-04-21T07:54:44.346+05:30  INFO 93856 --- [ai-knowledge-base] [           main] o.s.d.j.r.query.QueryEnhancerFactory     : Hibernate is in classpath; If applicable, HQL parser will be used.
2026-04-21T07:54:44.953+05:30  WARN 93856 --- [ai-knowledge-base] [           main] JpaBaseConfiguration$JpaWebConfiguration : spring.jpa.open-in-view is enabled by default. Therefore, database queries may be performed during view rendering. Explicitly configure spring.jpa.open-in-view to disable this warning
2026-04-21T07:54:45.226+05:30  INFO 93856 --- [ai-knowledge-base] [           main] o.s.b.w.embedded.tomcat.TomcatWebServer  : Tomcat started on port 8083 (http) with context path '/'
2026-04-21T07:54:45.231+05:30  INFO 93856 --- [ai-knowledge-base] [           main] com.changelog.KnowledgeBaseApplication   : Started KnowledgeBaseApplication in 3.336 seconds (process running for 3.504)
2026-04-21T07:55:20.019+05:30  INFO 93856 --- [ai-knowledge-base] [nio-8083-exec-1] o.a.c.c.C.[Tomcat].[localhost].[/]       : Initializing Spring DispatcherServlet 'dispatcherServlet'
2026-04-21T07:55:20.025+05:30  INFO 93856 --- [ai-knowledge-base] [nio-8083-exec-1] o.s.web.servlet.DispatcherServlet        : Initializing Servlet 'dispatcherServlet'
2026-04-21T07:55:20.027+05:30  INFO 93856 --- [ai-knowledge-base] [nio-8083-exec-1] o.s.web.servlet.DispatcherServlet        : Completed initialization in 2 ms
